Using pre-set license

 COMMAND LINE ARGUMENTS:
/Applications/Unity/Unity.app/Contents/MacOS/Unity
-adb2
-batchMode
-noUpm
-name
AssetImportWorker0
-projectPath
/Users/fivalentim/Documents/HackathonUnity
-logFile
Logs/AssetImportWorker0.log
-srvPort
56971
Successfully changed project path to: /Users/fivalentim/Documents/HackathonUnity
/Users/fivalentim/Documents/HackathonUnity
Using Asset Import Pipeline V2.
Refreshing native plugins compatible for Editor in 24.69 ms, found 1 plugins.
Preloading 0 native plugins for Editor in 0.00 ms.
Initialize engine version: 2020.3.6f1 (338bb68529b2)
[Subsystems] Discovering subsystems at path /Applications/Unity/Unity.app/Contents/Resources/UnitySubsystems
[Subsystems] Discovering subsystems at path /Users/fivalentim/Documents/HackathonUnity/Assets
GfxDevice: creating device client; threaded=0
2021-05-05 23:26:05.053 Unity[12035:372566] Color LCD preferred device: Intel(R) Iris(TM) Plus Graphics 645 (low power)
2021-05-05 23:26:05.053 Unity[12035:372566] Metal devices available: 1
2021-05-05 23:26:05.053 Unity[12035:372566] 0: Intel(R) Iris(TM) Plus Graphics 645 (low power)
2021-05-05 23:26:05.053 Unity[12035:372566] Using device Intel(R) Iris(TM) Plus Graphics 645 (low power)
Initializing Metal device caps: Intel(R) Iris(TM) Plus Graphics 645
Initialize mono
Mono path[0] = '/Applications/Unity/Unity.app/Contents/Managed'
Mono path[1] = '/Applications/Unity/Unity.app/Contents/MonoBleedingEdge/lib/mono/unityjit'
Mono config path = '/Applications/Unity/Unity.app/Contents/MonoBleedingEdge/etc'
Using monoOptions --debugger-agent=transport=dt_socket,embedding=1,server=y,suspend=n,address=127.0.0.1:56035
Begin MonoManager ReloadAssembly
Registering precompiled unity dll's ...
Register platform support module: /Applications/Unity/Unity.app/Contents/PlaybackEngines/MacStandaloneSupport/UnityEditor.OSXStandalone.Extensions.dll
Registered in 0.002357 seconds.
Native extension for OSXStandalone target not found
Refreshing native plugins compatible for Editor in 24.97 ms, found 1 plugins.
Preloading 0 native plugins for Editor in 0.00 ms.
Mono: successfully reloaded assembly
- Completed reload, in  2.257 seconds
Platform modules already initialized, skipping
Registering precompiled user dll's ...
Registered in 0.000359 seconds.
Begin MonoManager ReloadAssembly
Native extension for OSXStandalone target not found
Refreshing native plugins compatible for Editor in 0.27 ms, found 1 plugins.
Preloading 0 native plugins for Editor in 0.00 ms.
Mono: successfully reloaded assembly
- Completed reload, in  1.240 seconds
Platform modules already initialized, skipping
========================================================================
Worker process is ready to serve import requests
Launching external process: /Applications/Unity/Unity.app/Contents/Tools/UnityShaderCompiler
Launched and connected shader compiler UnityShaderCompiler after 0.01 seconds
Refreshing native plugins compatible for Editor in 0.24 ms, found 1 plugins.
Preloading 0 native plugins for Editor in 0.00 ms.
Unloading 1115 Unused Serialized files (Serialized files now loaded: 0)
System memory in use before: 107.6 MB.
System memory in use after: 107.7 MB.

Unloading 10 unused Assets to reduce memory usage. Loaded Objects now: 1557.
Total: 2.590491 ms (FindLiveObjects: 0.192248 ms CreateObjectMapping: 0.044808 ms MarkObjects: 2.241620 ms  DeleteObjects: 0.110534 ms)

========================================================================
Received Import Request.
  path: Assets/Scenes
  artifactKey: Guid(ea669031b6016b54b82f07d0af94ee68) Importer(815301076,1909f56bfc062723c751e8b465ee728b)
Start importing Assets/Scenes using Guid(ea669031b6016b54b82f07d0af94ee68) Importer(815301076,1909f56bfc062723c751e8b465ee728b)  -> (artifact id: '8f3640c19860b5983bd2826d0a7d1427') in 0.019885 seconds
  Import took 0.023648 seconds .

========================================================================
Received Import Request.
  Time since last request: 23.690679 seconds.
  path: Assets/Scenes/SampleScene.unity
  artifactKey: Guid(9fc0d4010bbf28b4594072e72b8655ab) Importer(815301076,1909f56bfc062723c751e8b465ee728b)
Start importing Assets/Scenes/SampleScene.unity using Guid(9fc0d4010bbf28b4594072e72b8655ab) Importer(815301076,1909f56bfc062723c751e8b465ee728b)  -> (artifact id: '3106d81e14175b7109796116b50b2db6') in 0.014549 seconds
  Import took 0.017370 seconds .

